  __ServerStuff__
    Uptime: up 4 weeks, 5 days, 1 hour, 10 minutes
    server updated 
..............
xxxxxxxxxxxxxxxxxxxxxxxxxxxxxxxxxxxxxxx START SERVER xxxxxxxxxxxxxxxxxxxxxxxxxxxxxxxxxxxx
tid(2528466) burning pthread_key_t == 0 so we never use it
Redirecting stderr to '/home/steam/Steam/logs/stderr.txt'
Logging directory: '/home/steam/Steam/logs'
Looks like steam didn't shutdown cleanly, scheduling immediate update check
[  0%] Checking for available updates...
[----] Verifying installation...
Steam Console Client (c) Valve Corporation - version 1705108307
-- type 'quit' to exit --
Loading Steam API...dlmopen steamservice.so failed: steamservice.so: cannot open shared object file: No such file or directory
OK

Connecting anonymously to Steam Public...OK
Waiting for client config...OK
Waiting for user info...OK
Success! App '622970' already up to date.
 Starting backup for logs on server:
      JTWP.org - Jailbreak Reimagined #1
       
      `logs to copy: ` 
xxxxxxxxxxxxxxxxxxxxxxxxxxxxxxxxxxxxxxx END SERVER xxxxxxxxxxxxxxxxxxxxxxxxxxxxxxxxxxxx


xxxxxxxxxxxxxxxxxxxxxxxxxxxxxxxxxxxxxxx START SERVER xxxxxxxxxxxxxxxxxxxxxxxxxxxxxxxxxxxx
tid(2528534) burning pthread_key_t == 0 so we never use it
Redirecting stderr to '/home/steam/Steam/logs/stderr.txt'
Logging directory: '/home/steam/Steam/logs'
[  0%] Checking for available updates...
[----] Verifying installation...
Steam Console Client (c) Valve Corporation - version 1705108307
-- type 'quit' to exit --
Loading Steam API...dlmopen steamservice.so failed: steamservice.so: cannot open shared object file: No such file or directory
OK

Connecting anonymously to Steam Public...OK
Waiting for client config...OK
Waiting for user info...OK
Success! App '622970' already up to date.
 Starting backup for logs on server:
      JTWP.org - World War 2 PUSH
       
      `logs to copy: ` 
xxxxxxxxxxxxxxxxxxxxxxxxxxxxxxxxxxxxxxx END SERVER xxxxxxxxxxxxxxxxxxxxxxxxxxxxxxxxxxxx


xxxxxxxxxxxxxxxxxxxxxxxxxxxxxxxxxxxxxxx START SERVER xxxxxxxxxxxxxxxxxxxxxxxxxxxxxxxxxxxx
tid(2528623) burning pthread_key_t == 0 so we never use it
Redirecting stderr to '/home/steam/Steam/logs/stderr.txt'
Logging directory: '/home/steam/Steam/logs'
[  0%] Checking for available updates...
[----] Verifying installation...
Steam Console Client (c) Valve Corporation - version 1705108307
-- type 'quit' to exit --
Loading Steam API...dlmopen steamservice.so failed: steamservice.so: cannot open shared object file: No such file or directory
OK

Connecting anonymously to Steam Public...OK
Waiting for client config...OK
Waiting for user info...OK
Success! App '622970' already up to date.
 Starting backup for logs on server:
      JTWP.org - Modern Wars PUSH
       
      `logs to copy: ` 
xxxxxxxxxxxxxxxxxxxxxxxxxxxxxxxxxxxxxxx END SERVER xxxxxxxxxxxxxxxxxxxxxxxxxxxxxxxxxxxx


xxxxxxxxxxxxxxxxxxxxxxxxxxxxxxxxxxxxxxx START SERVER xxxxxxxxxxxxxxxxxxxxxxxxxxxxxxxxxxxx
tid(2528682) burning pthread_key_t == 0 so we never use it
Redirecting stderr to '/home/steam/Steam/logs/stderr.txt'
Logging directory: '/home/steam/Steam/logs'
[  0%] Checking for available updates...
[----] Verifying installation...
Steam Console Client (c) Valve Corporation - version 1705108307
-- type 'quit' to exit --
Loading Steam API...dlmopen steamservice.so failed: steamservice.so: cannot open shared object file: No such file or directory
OK

Connecting anonymously to Steam Public...OK
Waiting for client config...OK
Waiting for user info...OK
Success! App '622970' already up to date.
 Starting backup for logs on server:
      JTWP.org - Zombie Escape
       
      `logs to copy: ` 
xxxxxxxxxxxxxxxxxxxxxxxxxxxxxxxxxxxxxxx END SERVER xxxxxxxxxxxxxxxxxxxxxxxxxxxxxxxxxxxx


xxxxxxxxxxxxxxxxxxxxxxxxxxxxxxxxxxxxxxx START SERVER xxxxxxxxxxxxxxxxxxxxxxxxxxxxxxxxxxxx
tid(2528764) burning pthread_key_t == 0 so we never use it
Redirecting stderr to '/home/steam/Steam/logs/stderr.txt'
Logging directory: '/home/steam/Steam/logs'
[  0%] Checking for available updates...
[----] Verifying installation...
Steam Console Client (c) Valve Corporation - version 1705108307
-- type 'quit' to exit --
Loading Steam API...dlmopen steamservice.so failed: steamservice.so: cannot open shared object file: No such file or directory
OK

Connecting anonymously to Steam Public...OK
Waiting for client config...OK
Waiting for user info...OK
Success! App '622970' already up to date.
 Starting backup for logs on server:
      JTWP.org -
       
      `logs to copy: ` 
xxxxxxxxxxxxxxxxxxxxxxxxxxxxxxxxxxxxxxx END SERVER xxxxxxxxxxxxxxxxxxxxxxxxxxxxxxxxxxxx


xxxxxxxxxxxxxxxxxxxxxxxxxxxxxxxxxxxxxxx START SERVER xxxxxxxxxxxxxxxxxxxxxxxxxxxxxxxxxxxx
tid(2528839) burning pthread_key_t == 0 so we never use it
Redirecting stderr to '/home/steam/Steam/logs/stderr.txt'
Logging directory: '/home/steam/Steam/logs'
[  0%] Checking for available updates...
[----] Verifying installation...
Steam Console Client (c) Valve Corporation - version 1705108307
-- type 'quit' to exit --
Loading Steam API...dlmopen steamservice.so failed: steamservice.so: cannot open shared object file: No such file or directory
OK

Connecting anonymously to Steam Public...OK
Waiting for client config...OK
Waiting for user info...OK
Success! App '622970' already up to date.
 Starting backup for logs on server:
      JTWP.org - SCP:Secret Laboratory
       
      `logs to copy: ` 
xxxxxxxxxxxxxxxxxxxxxxxxxxxxxxxxxxxxxxx END SERVER xxxxxxxxxxxxxxxxxxxxxxxxxxxxxxxxxxxx


xxxxxxxxxxxxxxxxxxxxxxxxxxxxxxxxxxxxxxx START SERVER xxxxxxxxxxxxxxxxxxxxxxxxxxxxxxxxxxxx
tid(2528899) burning pthread_key_t == 0 so we never use it
Redirecting stderr to '/home/steam/Steam/logs/stderr.txt'
Logging directory: '/home/steam/Steam/logs'
[  0%] Checking for available updates...
[----] Verifying installation...
Steam Console Client (c) Valve Corporation - version 1705108307
-- type 'quit' to exit --
Loading Steam API...dlmopen steamservice.so failed: steamservice.so: cannot open shared object file: No such file or directory
OK

Connecting anonymously to Steam Public...OK
Waiting for client config...OK
Waiting for user info...OK
Success! App '622970' already up to date.
 Starting backup for logs on server:
      JTWP.org  12v12 bots mod
       
      `logs to copy: Pavlov-backup-2024.02.21-04.05.58.log
Pavlov-backup-2024.02.21-04.06.06.log
Pavlov-backup-2024.02.21-04.06.13.log
Pavlov-backup-2024.02.21-04.06.21.log
Pavlov-backup-2024.02.21-04.06.29.log
Pavlov-backup-2024.02.21-04.06.37.log
Pavlov-backup-2024.02.21-04.06.45.log
Pavlov-backup-2024.02.21-04.06.53.log
Pavlov-backup-2024.02.21-04.07.01.log
Pavlov-backup-2024.02.21-04.07.09.log` 
xxxxxxxxxxxxxxxxxxxxxxxxxxxxxxxxxxxxxxx END SERVER xxxxxxxxxxxxxxxxxxxxxxxxxxxxxxxxxxxx


xxxxxxxxxxxxxxxxxxxxxxxxxxxxxxxxxxxxxxx START SERVER xxxxxxxxxxxxxxxxxxxxxxxxxxxxxxxxxxxx
tid(2529005) burning pthread_key_t == 0 so we never use it
Redirecting stderr to '/home/steam/Steam/logs/stderr.txt'
Logging directory: '/home/steam/Steam/logs'
[  0%] Checking for available updates...
[----] Verifying installation...
Steam Console Client (c) Valve Corporation - version 1705108307
-- type 'quit' to exit --
Loading Steam API...dlmopen steamservice.so failed: steamservice.so: cannot open shared object file: No such file or directory
OK

Connecting anonymously to Steam Public...OK
Waiting for client config...OK
Waiting for user info...OK
Success! App '622970' already up to date.
 Starting backup for logs on server:
      JTWP.org - SHACK MOD TEST2
       
      `logs to copy: ` 
xxxxxxxxxxxxxxxxxxxxxxxxxxxxxxxxxxxxxxx END SERVER xxxxxxxxxxxxxxxxxxxxxxxxxxxxxxxxxxxx


xxxxxxxxxxxxxxxxxxxxxxxxxxxxxxxxxxxxxxx START SERVER xxxxxxxxxxxxxxxxxxxxxxxxxxxxxxxxxxxx
tid(2529064) burning pthread_key_t == 0 so we never use it
Redirecting stderr to '/home/steam/Steam/logs/stderr.txt'
Logging directory: '/home/steam/Steam/logs'
[  0%] Checking for available updates...
[----] Verifying installation...
Steam Console Client (c) Valve Corporation - version 1705108307
-- type 'quit' to exit --
Loading Steam API...dlmopen steamservice.so failed: steamservice.so: cannot open shared object file: No such file or directory
OK

Connecting anonymously to Steam Public...OK
Waiting for client config...OK
Waiting for user info...OK
Success! App '622970' already up to date.
 Starting backup for logs on server:
      "Server Purged 02-07-24"
       
      `logs to copy: ` 
xxxxxxxxxxxxxxxxxxxxxxxxxxxxxxxxxxxxxxx END SERVER xxxxxxxxxxxxxxxxxxxxxxxxxxxxxxxxxxxx


xxxxxxxxxxxxxxxxxxxxxxxxxxxxxxxxxxxxxxx START SERVER xxxxxxxxxxxxxxxxxxxxxxxxxxxxxxxxxxxx
tid(2529123) burning pthread_key_t == 0 so we never use it
Redirecting stderr to '/home/steam/Steam/logs/stderr.txt'
Logging directory: '/home/steam/Steam/logs'
[  0%] Checking for available updates...
[----] Verifying installation...
Steam Console Client (c) Valve Corporation - version 1705108307
-- type 'quit' to exit --
Loading Steam API...dlmopen steamservice.so failed: steamservice.so: cannot open shared object file: No such file or directory
OK

Connecting anonymously to Steam Public...OK
Waiting for client config...OK
Waiting for user info...OK
Success! App '622970' already up to date.
 Starting backup for logs on server:
      "Server Purged 02-07-24"
       
      `logs to copy: ` 
xxxxxxxxxxxxxxxxxxxxxxxxxxxxxxxxxxxxxxx END SERVER xxxxxxxxxxxxxxxxxxxxxxxxxxxxxxxxxxxx


